D:\UNIVERSITY\COMPUTATIONALGEOMETRY\COMPUTATIONAL-GEOMETRY\GRAHAMSCAN\GRAHAMSCAN\DEBUG\VC110.PDB
D:\UNIVERSITY\COMPUTATIONALGEOMETRY\COMPUTATIONAL-GEOMETRY\GRAHAMSCAN\GRAHAMSCAN\DEBUG\POLYGON.OBJ
D:\UNIVERSITY\COMPUTATIONALGEOMETRY\COMPUTATIONAL-GEOMETRY\GRAHAMSCAN\DEBUG\GRAHAMSCAN.ILK
D:\UNIVERSITY\COMPUTATIONALGEOMETRY\COMPUTATIONAL-GEOMETRY\GRAHAMSCAN\DEBUG\GRAHAMSCAN.EXE
D:\UNIVERSITY\COMPUTATIONALGEOMETRY\COMPUTATIONAL-GEOMETRY\GRAHAMSCAN\DEBUG\GRAHAMSCAN.PDB
D:\University\ComputationalGeometry\Computational-Geometry\GrahamScan\GrahamScan\Debug\Polygon.obj
D:\University\ComputationalGeometry\Computational-Geometry\GrahamScan\GrahamScan\Debug\cl.command.1.tlog
D:\University\ComputationalGeometry\Computational-Geometry\GrahamScan\GrahamScan\Debug\CL.read.1.tlog
D:\University\ComputationalGeometry\Computational-Geometry\GrahamScan\GrahamScan\Debug\CL.write.1.tlog
D:\University\ComputationalGeometry\Computational-Geometry\GrahamScan\GrahamScan\Debug\link-cvtres.read.1.tlog
D:\University\ComputationalGeometry\Computational-Geometry\GrahamScan\GrahamScan\Debug\link-cvtres.write.1.tlog
D:\University\ComputationalGeometry\Computational-Geometry\GrahamScan\GrahamScan\Debug\link-rc.read.1.tlog
D:\University\ComputationalGeometry\Computational-Geometry\GrahamScan\GrahamScan\Debug\link-rc.write.1.tlog
D:\University\ComputationalGeometry\Computational-Geometry\GrahamScan\GrahamScan\Debug\link.3120-cvtres.read.1.tlog
D:\University\ComputationalGeometry\Computational-Geometry\GrahamScan\GrahamScan\Debug\link.3120-cvtres.write.1.tlog
D:\University\ComputationalGeometry\Computational-Geometry\GrahamScan\GrahamScan\Debug\link.3120-rc.read.1.tlog
D:\University\ComputationalGeometry\Computational-Geometry\GrahamScan\GrahamScan\Debug\link.3120-rc.write.1.tlog
D:\University\ComputationalGeometry\Computational-Geometry\GrahamScan\GrahamScan\Debug\link.3120.read.1.tlog
D:\University\ComputationalGeometry\Computational-Geometry\GrahamScan\GrahamScan\Debug\link.3120.write.1.tlog
D:\University\ComputationalGeometry\Computational-Geometry\GrahamScan\GrahamScan\Debug\link.4664-cvtres.read.1.tlog
D:\University\ComputationalGeometry\Computational-Geometry\GrahamScan\GrahamScan\Debug\link.4664-cvtres.write.1.tlog
D:\University\ComputationalGeometry\Computational-Geometry\GrahamScan\GrahamScan\Debug\link.4664-rc.read.1.tlog
D:\University\ComputationalGeometry\Computational-Geometry\GrahamScan\GrahamScan\Debug\link.4664-rc.write.1.tlog
D:\University\ComputationalGeometry\Computational-Geometry\GrahamScan\GrahamScan\Debug\link.4664.read.1.tlog
D:\University\ComputationalGeometry\Computational-Geometry\GrahamScan\GrahamScan\Debug\link.4664.write.1.tlog
D:\University\ComputationalGeometry\Computational-Geometry\GrahamScan\GrahamScan\Debug\link.5072-cvtres.read.1.tlog
D:\University\ComputationalGeometry\Computational-Geometry\GrahamScan\GrahamScan\Debug\link.5072-cvtres.write.1.tlog
D:\University\ComputationalGeometry\Computational-Geometry\GrahamScan\GrahamScan\Debug\link.5072-rc.read.1.tlog
D:\University\ComputationalGeometry\Computational-Geometry\GrahamScan\GrahamScan\Debug\link.5072-rc.write.1.tlog
D:\University\ComputationalGeometry\Computational-Geometry\GrahamScan\GrahamScan\Debug\link.5072.read.1.tlog
D:\University\ComputationalGeometry\Computational-Geometry\GrahamScan\GrahamScan\Debug\link.5072.write.1.tlog
D:\University\ComputationalGeometry\Computational-Geometry\GrahamScan\GrahamScan\Debug\link.6060-cvtres.read.1.tlog
D:\University\ComputationalGeometry\Computational-Geometry\GrahamScan\GrahamScan\Debug\link.6060-cvtres.write.1.tlog
D:\University\ComputationalGeometry\Computational-Geometry\GrahamScan\GrahamScan\Debug\link.6060-rc.read.1.tlog
D:\University\ComputationalGeometry\Computational-Geometry\GrahamScan\GrahamScan\Debug\link.6060-rc.write.1.tlog
D:\University\ComputationalGeometry\Computational-Geometry\GrahamScan\GrahamScan\Debug\link.6060.read.1.tlog
D:\University\ComputationalGeometry\Computational-Geometry\GrahamScan\GrahamScan\Debug\link.6060.write.1.tlog
D:\University\ComputationalGeometry\Computational-Geometry\GrahamScan\GrahamScan\Debug\link.8164-cvtres.read.1.tlog
D:\University\ComputationalGeometry\Computational-Geometry\GrahamScan\GrahamScan\Debug\link.8164-cvtres.write.1.tlog
D:\University\ComputationalGeometry\Computational-Geometry\GrahamScan\GrahamScan\Debug\link.8164-rc.read.1.tlog
D:\University\ComputationalGeometry\Computational-Geometry\GrahamScan\GrahamScan\Debug\link.8164-rc.write.1.tlog
D:\University\ComputationalGeometry\Computational-Geometry\GrahamScan\GrahamScan\Debug\link.8164.read.1.tlog
D:\University\ComputationalGeometry\Computational-Geometry\GrahamScan\GrahamScan\Debug\link.8164.write.1.tlog
D:\University\ComputationalGeometry\Computational-Geometry\GrahamScan\GrahamScan\Debug\link.command.1.tlog
D:\University\ComputationalGeometry\Computational-Geometry\GrahamScan\GrahamScan\Debug\link.read.1.tlog
D:\University\ComputationalGeometry\Computational-Geometry\GrahamScan\GrahamScan\Debug\link.write.1.tlog
D:\University\ComputationalGeometry\Computational-Geometry\GrahamScan\GrahamScan\Debug\vc110.idb
D:\University\ComputationalGeometry\Computational-Geometry\GrahamScan\GrahamScan\Debug\vc110.pdb
D:\University\ComputationalGeometry\Computational-Geometry\GrahamScan\Debug\GrahamScan.pdb
D:\University\ComputationalGeometry\Computational-Geometry\GrahamScan\Debug\GrahamScan.exe
D:\University\ComputationalGeometry\Computational-Geometry\GrahamScan\Debug\GrahamScan.ilk
